Arguments: 
  /usr/bin/node /usr/share/yarn/bin/yarn.js add @client-side-validations/client-side-validations

PATH: 
  /home/vinshaku/.rvm/gems/ruby-2.5.1/bin:/home/vinshaku/.rvm/gems/ruby-2.5.1@global/bin:/home/vinshaku/.rvm/rubies/ruby-2.5.1/bin:/home/vinshaku/.rvm/bin:/usr/local/sbin:/usr/local/bin:/usr/sbin:/usr/bin:/sbin:/bin:/usr/games:/usr/local/games:/snap/bin

Yarn version: 
  1.22.4

Node version: 
  12.16.3

Platform: 
  linux x64

Trace: 
  Error: https://registry.npm.taobao.org/@client-side-validations/client-side-validations/download/@client-side-validations/client-side-validations-0.1.3.tgz: unexpected end of file
      at Zlib.zlibOnError [as onerror] (zlib.js:180:17)

npm manifest: 
  {
    "name": "contact_manager",
    "private": true,
    "dependencies": {}
  }

yarn manifest: 
  No manifest

Lockfile: 
  No lockfile
